<?xml version="1.0" encoding="UTF-8"?>
<!-- Generated by org.testng.reporters.JUnitReportReporter -->
<testsuite hostname="LAPTOP-N6R24P62" failures="0" tests="2" name="Shubham.Assignment2" time="98.259" errors="0" timestamp="2022-03-04T09:08:29 IST" skipped="0">
  <testcase classname="Shubham.Assignment2" name="Test" time="51.104"/>
  <system-out/>
  <testcase classname="Shubham.Assignment2" name="Test" time="47.155"/>
  <system-out/>
</testsuite> <!-- Shubham.Assignment2 -->
