<?xml version="1.0" encoding="UTF-8"?>
<!-- Generated by org.testng.reporters.JUnitReportReporter -->
<testsuite hostname="LAPTOP-N6R24P62" failures="0" tests="1" name="Testng_POM_UTIlity_Emptyfield_errors.Testclasswithemptyfield" time="3.168" errors="0" timestamp="2022-03-04T09:13:32 IST" skipped="0">
  <testcase classname="Testng_POM_UTIlity_Emptyfield_errors.Testclasswithemptyfield" name="validationerror" time="3.168"/>
  <system-out>
    <![CDATA[all matched
all pass matched]]>
  </system-out>
</testsuite> <!-- Testng_POM_UTIlity_Emptyfield_errors.Testclasswithemptyfield -->
