<?xml version="1.0" encoding="UTF-8"?>
<!-- Generated by org.testng.reporters.JUnitReportReporter -->
<testsuite hostname="LAPTOP-N6R24P62" failures="0" tests="1" name="TestNg.Test1" time="4.543" errors="0" timestamp="2021-11-25T13:17:07 IST" skipped="0">
  <testcase classname="TestNg.Test1" name="demo1" time="4.543"/>
  <system-out>
    <![CDATA[Our 1st Program]]>
  </system-out>
</testsuite> <!-- TestNg.Test1 -->
