<?xml version="1.0" encoding="UTF-8"?>
<!-- Generated by org.testng.reporters.JUnitReportReporter -->
<testsuite hostname="LAPTOP-N6R24P62" failures="0" tests="2" name="grouping.NewTest1111" time="0.026" errors="0" timestamp="2021-12-03T18:06:21 IST" skipped="0">
  <testcase classname="grouping.NewTest1111" name="tc3" time="0.018"/>
  <system-out>
    <![CDATA[tc3]]>
  </system-out>
  <testcase classname="grouping.NewTest1111" name="tc4" time="0.008"/>
  <system-out>
    <![CDATA[tc4]]>
  </system-out>
</testsuite> <!-- grouping.NewTest1111 -->
