<?xml version="1.0" encoding="UTF-8"?>
<!-- Generated by org.testng.reporters.JUnitReportReporter -->
<testsuite hostname="LAPTOP-N6R24P62" failures="0" tests="1" name="Assert_pakage.Discoveryhomepage" time="9.370" errors="0" timestamp="2021-11-29T13:40:03 IST" skipped="0">
  <testcase classname="Assert_pakage.Discoveryhomepage" name="home" time="9.370"/>
  <system-out/>
</testsuite> <!-- Assert_pakage.Discoveryhomepage -->
