<?xml version="1.0" encoding="UTF-8"?>
<!-- Generated by org.testng.reporters.JUnitReportReporter -->
<testsuite hostname="LAPTOP-N6R24P62" failures="0" tests="2" name="Testng2.tc2tc" time="0.020" errors="0" timestamp="2021-12-02T19:44:08 IST" skipped="0">
  <testcase classname="Testng2.tc2tc" name="tc6" time="0.002"/>
  <system-out/>
  <testcase classname="Testng2.tc2tc" name="tc5" time="0.018"/>
  <system-out/>
</testsuite> <!-- Testng2.tc2tc -->
