<?xml version="1.0" encoding="UTF-8"?>
<!-- Generated by org.testng.reporters.JUnitReportReporter -->
<testsuite hostname="LAPTOP-N6R24P62" failures="0" tests="4" name="Testng2.Inovocate" time="28.449" errors="0" timestamp="2021-12-02T20:37:34 IST" skipped="0">
  <testcase classname="Testng2.Inovocate" name="invocate" time="6.375"/>
  <system-out>
    <![CDATA[Make my trip is Running]]>
  </system-out>
  <testcase classname="Testng2.Inovocate" name="invocate" time="5.333"/>
  <system-out>
    <![CDATA[Make my trip is Running]]>
  </system-out>
  <testcase classname="Testng2.Inovocate" name="invocate" time="9.214"/>
  <system-out>
    <![CDATA[Make my trip is Running]]>
  </system-out>
  <testcase classname="Testng2.Inovocate" name="invocate" time="7.527"/>
  <system-out>
    <![CDATA[Make my trip is Running]]>
  </system-out>
</testsuite> <!-- Testng2.Inovocate -->
