<?xml version="1.0" encoding="UTF-8"?>
<!-- Generated by org.testng.reporters.JUnitReportReporter -->
<testsuite hostname="LAPTOP-N6R24P62" failures="0" tests="1" name="TestNg.test2" time="0.012" errors="0" timestamp="2021-11-25T13:16:56 IST" skipped="0">
  <testcase classname="TestNg.test2" name="demo2" time="0.012"/>
  <system-out>
    <![CDATA[our second method]]>
  </system-out>
</testsuite> <!-- TestNg.test2 -->
