<?xml version="1.0" encoding="UTF-8"?>
<!-- Generated by org.testng.reporters.JUnitReportReporter -->
<testsuite hostname="LAPTOP-N6R24P62" failures="0" tests="1" name="Testng2.sanket" time="6.899" errors="0" timestamp="2021-12-01T12:44:33 IST" skipped="0">
  <testcase classname="Testng2.sanket" name="f" time="6.899"/>
  <system-out>
    <![CDATA[All Phones are oppo phones
All Phones are oppo phones
All Phones are oppo phones
All Phones are oppo phones
All Phones are oppo phones
All Phones are oppo phones
All Phones are oppo phones
All Phones are oppo phones
All Phones are oppo phones
All Phones are oppo phones
All Phones are oppo phones
All Phones are oppo phones
All Phones are oppo phones
All Phones are oppo phones
All Phones are oppo phones
All Phones are oppo phones
All Phones are oppo phones
All Phones are oppo phones
All Phones are oppo phones
All Phones are oppo phones
All Phones are oppo phones
All Phones are oppo phones
All Phones are oppo phones
All Phones are oppo phones
All Phones are oppo phones]]>
  </system-out>
</testsuite> <!-- Testng2.sanket -->
