<?xml version="1.0" encoding="UTF-8"?>
<!-- Generated by org.testng.reporters.JUnitReportReporter -->
<testsuite hostname="LAPTOP-N6R24P62" failures="0" tests="4" name="Testng2.NewTest2" time="0.036" errors="0" timestamp="2022-01-02T09:59:26 IST" skipped="0">
  <testcase classname="Testng2.NewTest2" name="demo3" time="0.019"/>
  <system-out>
    <![CDATA[hii demo 3]]>
  </system-out>
  <testcase classname="Testng2.NewTest2" name="demo5" time="0.002"/>
  <system-out>
    <![CDATA[hii demo5]]>
  </system-out>
  <testcase classname="Testng2.NewTest2" name="demo4" time="0.006"/>
  <system-out>
    <![CDATA[hii demo4]]>
  </system-out>
  <testcase classname="Testng2.NewTest2" name="demo2" time="0.009"/>
  <system-out>
    <![CDATA[Good morning 2]]>
  </system-out>
</testsuite> <!-- Testng2.NewTest2 -->
