<?xml version="1.0" encoding="UTF-8"?>
<!-- Generated by org.testng.reporters.JUnitReportReporter -->
<testsuite hostname="LAPTOP-N6R24P62" failures="0" tests="2" name="Testng2.AnnotationsStudy" time="0.018" errors="0" timestamp="2021-11-26T15:10:59 IST" skipped="0">
  <testcase classname="Testng2.AnnotationsStudy" name="testmethod" time="0.016"/>
  <system-out>
    <![CDATA[Normal Method Running]]>
  </system-out>
  <testcase classname="Testng2.AnnotationsStudy" name="testmethod1" time="0.002"/>
  <system-out>
    <![CDATA[Normal Method 2 Running]]>
  </system-out>
</testsuite> <!-- Testng2.AnnotationsStudy -->
