<?xml version="1.0" encoding="UTF-8"?>
<!-- Generated by org.testng.reporters.JUnitReportReporter -->
<testsuite hostname="LAPTOP-N6R24P62" failures="0" tests="2" name="grouping.NewTest123" time="0.009" errors="0" timestamp="2021-12-03T18:06:21 IST" skipped="0">
  <testcase classname="grouping.NewTest123" name="tc7" time="0.005"/>
  <system-out>
    <![CDATA[tc7]]>
  </system-out>
  <testcase classname="grouping.NewTest123" name="tc8" time="0.004"/>
  <system-out>
    <![CDATA[tc8]]>
  </system-out>
</testsuite> <!-- grouping.NewTest123 -->
