<?xml version="1.0" encoding="UTF-8"?>
<!-- Generated by org.testng.reporters.JUnitReportReporter -->
<testsuite hostname="LAPTOP-N6R24P62" failures="0" tests="2" name="grouping.NewTest55555" time="0.023" errors="0" timestamp="2021-12-03T18:10:34 IST" skipped="0">
  <testcase classname="grouping.NewTest55555" name="m1" time="0.020"/>
  <system-out>
    <![CDATA[hii]]>
  </system-out>
  <testcase classname="grouping.NewTest55555" name="m2" time="0.003"/>
  <system-out>
    <![CDATA[Bye]]>
  </system-out>
</testsuite> <!-- grouping.NewTest55555 -->
