<?xml version="1.0" encoding="UTF-8"?>
<!-- Generated by org.testng.reporters.JUnitReportReporter -->
<testsuite hostname="LAPTOP-N6R24P62" failures="0" tests="1" name="Testng2.NewTest2" time="0.005" errors="0" timestamp="2021-11-25T13:48:51 IST" skipped="0">
  <testcase classname="Testng2.NewTest2" name="Demo2" time="0.005"/>
  <system-out>
    <![CDATA[Good morning]]>
  </system-out>
</testsuite> <!-- Testng2.NewTest2 -->
