<?xml version="1.0" encoding="UTF-8"?>
<!-- Generated by org.testng.reporters.JUnitReportReporter -->
<testsuite hostname="LAPTOP-N6R24P62" failures="0" tests="2" name="sanketpakage.Cross" time="29.701" errors="0" timestamp="2021-12-06T19:31:20 IST" skipped="0">
  <testcase classname="sanketpakage.Cross" name="cr" time="11.458"/>
  <system-out/>
  <testcase classname="sanketpakage.Cross" name="cr" time="18.243"/>
  <system-out/>
</testsuite> <!-- sanketpakage.Cross -->
