<?xml version="1.0" encoding="UTF-8"?>
<!-- Generated by org.testng.reporters.JUnitReportReporter -->
<testsuite hostname="LAPTOP-N6R24P62" failures="0" tests="2" name="Testng2.TestNg_grouping" time="0.008" errors="0" timestamp="2021-12-02T19:44:08 IST" skipped="0">
  <testcase classname="Testng2.TestNg_grouping" name="tc1" time="0.005"/>
  <system-out/>
  <testcase classname="Testng2.TestNg_grouping" name="tc2" time="0.003"/>
  <system-out/>
</testsuite> <!-- Testng2.TestNg_grouping -->
