<?xml version="1.0" encoding="UTF-8"?>
<!-- Generated by org.testng.reporters.JUnitReportReporter -->
<testsuite hostname="LAPTOP-N6R24P62" failures="0" tests="1" name="Testng2.NewTest1" time="6.083" errors="0" timestamp="2021-11-26T15:10:59 IST" skipped="0">
  <testcase classname="Testng2.NewTest1" name="demo1" time="6.083"/>
  <system-out>
    <![CDATA[Our 1st Program]]>
  </system-out>
</testsuite> <!-- Testng2.NewTest1 -->
